<?xml version="1.0" encoding="UTF-8"?>
<!-- Generated by org.testng.reporters.JUnitReportReporter -->
<testsuite hostname="DESKTOP-DSBT63E" failures="0" tests="1" name="com.cucumber.TestRunner.UserRecentCertificateVerificationsRunner" time="19.993" errors="0" timestamp="28 Mar 2024 17:46:13 GMT">
  <testcase classname="com.cucumber.TestRunner.UserRecentCertificateVerificationsRunner" name="feature" time="19.993"/>
</testsuite> <!-- com.cucumber.TestRunner.UserRecentCertificateVerificationsRunner -->
