<?xml version="1.0" encoding="UTF-8"?>
<!-- Generated by org.testng.reporters.JUnitReportReporter -->
<testsuite hostname="DESKTOP-DSBT63E" failures="0" tests="1" name="com.cucumber.TestRunner.UserGenerateSingleWithoutApprovalRunner" time="67.463" errors="0" timestamp="29 Mar 2024 05:11:29 GMT">
  <testcase classname="com.cucumber.TestRunner.UserGenerateSingleWithoutApprovalRunner" name="feature" time="67.463"/>
</testsuite> <!-- com.cucumber.TestRunner.UserGenerateSingleWithoutApprovalRunner -->
