<?xml version="1.0" encoding="UTF-8"?>
<!-- Generated by org.testng.reporters.JUnitReportReporter -->
<testsuite hostname="DESKTOP-DSBT63E" failures="0" tests="1" name="com.cucumber.TestRunner.UserDashboardViewAllGenerationsRunner" time="23.595" errors="0" timestamp="28 Mar 2024 17:46:13 GMT">
  <testcase classname="com.cucumber.TestRunner.UserDashboardViewAllGenerationsRunner" name="feature" time="23.595"/>
</testsuite> <!-- com.cucumber.TestRunner.UserDashboardViewAllGenerationsRunner -->
