<?xml version="1.0" encoding="UTF-8"?>
<!-- Generated by org.testng.reporters.JUnitReportReporter -->
<testsuite hostname="DESKTOP-DSBT63E" failures="0" tests="1" name="com.cucumber.TestRunner.UserInternalPrintingByUploadingCSVWithInvalidCertificateTypeRunner" time="41.678" errors="0" timestamp="29 Mar 2024 05:02:16 GMT">
  <testcase classname="com.cucumber.TestRunner.UserInternalPrintingByUploadingCSVWithInvalidCertificateTypeRunner" name="feature" time="41.678"/>
</testsuite> <!-- com.cucumber.TestRunner.UserInternalPrintingByUploadingCSVWithInvalidCertificateTypeRunner -->
