<?xml version="1.0" encoding="UTF-8"?>
<!-- Generated by org.testng.reporters.JUnitReportReporter -->
<testsuite hostname="DESKTOP-DSBT63E" failures="0" tests="1" name="com.cucumber.TestRunner.UserUpdateProfileRunner" time="39.179" errors="0" timestamp="28 Mar 2024 17:46:13 GMT">
  <testcase classname="com.cucumber.TestRunner.UserUpdateProfileRunner" name="feature" time="39.179"/>
</testsuite> <!-- com.cucumber.TestRunner.UserUpdateProfileRunner -->
