<?xml version="1.0" encoding="UTF-8"?>
<!-- Generated by org.testng.reporters.JUnitReportReporter -->
<testsuite hostname="DESKTOP-DSBT63E" failures="0" tests="1" name="com.cucumber.TestRunner.UserGenerateBulkByUploadCSVFIleWithEmptyCertificateNameRunner" time="45.629" errors="0" timestamp="29 Mar 2024 02:30:34 GMT">
  <testcase classname="com.cucumber.TestRunner.UserGenerateBulkByUploadCSVFIleWithEmptyCertificateNameRunner" name="feature" time="45.629"/>
</testsuite> <!-- com.cucumber.TestRunner.UserGenerateBulkByUploadCSVFIleWithEmptyCertificateNameRunner -->
