<?xml version="1.0" encoding="UTF-8"?>
<!-- Generated by org.testng.reporters.JUnitReportReporter -->
<testsuite hostname="DESKTOP-DSBT63E" failures="0" tests="1" name="com.cucumber.TestRunner.UserGenerateBulkByUploadCSVFileWithEmptyMobileNumberRunner" time="45.485" errors="0" timestamp="29 Mar 2024 02:13:57 GMT">
  <testcase classname="com.cucumber.TestRunner.UserGenerateBulkByUploadCSVFileWithEmptyMobileNumberRunner" name="feature" time="45.485"/>
</testsuite> <!-- com.cucumber.TestRunner.UserGenerateBulkByUploadCSVFileWithEmptyMobileNumberRunner -->
