<?xml version="1.0" encoding="UTF-8"?>
<!-- Generated by org.testng.reporters.JUnitReportReporter -->
<testsuite hostname="DESKTOP-DSBT63E" failures="0" tests="1" name="com.cucumber.TestRunner.UserBulkGeneratedCertficatesRunner" time="21.036" errors="0" timestamp="28 Mar 2024 17:46:13 GMT">
  <testcase classname="com.cucumber.TestRunner.UserBulkGeneratedCertficatesRunner" name="feature" time="21.036"/>
</testsuite> <!-- com.cucumber.TestRunner.UserBulkGeneratedCertficatesRunner -->
